<?xml version="1.0" encoding="UTF-8"?>
<testsuite xmlns:xsi="http://www.w3.org/2001/XMLSchema-instance" xsi:noNamespaceSchemaLocation="https://maven.apache.org/surefire/maven-surefire-plugin/xsd/surefire-test-report-3.0.xsd" version="3.0" name="Scenario: to verify Fromaddress in email sent to customer when case is closed" time="233.283" tests="8" errors="0" skipped="0" failures="0">
  <properties>
[...]
</properties>
  <testcase name="Given User has a valid SFDC credential" classname="Scenario: to verify Fromaddress in email generated from case update to customer." time="0.001">
    <system-out><![CDATA[#Author: Mitesh Mishra
#Keywords Summary :
#Feature: List of scenarios.
#Scenario: Business rule through list of steps with arguments.
#Given: Some precondition step
#When: Some key actions
#Then: To observe outcomes or validation
#And,But: To enumerate more Given,When,Then steps
#Scenario Outline: List of steps for data-driven as an Examples and <placeholder>
#Examples: Container for s table
#Background: List of steps run before each of the scenarios
#""" (Doc Strings)
#| (Data Tables)
#@ (Tags/Labels):To group Scenarios
#<> (placeholder)
#""
## (Comments)
#Sample Feature Definition Template
@EmailTest
Feature: This feature file is to test all email related scenarios
https://gss--qa.my.salesforce.com/home/home.jsp
00D2i0000000Ml4!AQIAQIr7GRuv93YMnpwwhErk3KZQ4uIcLjtllX4zFF.HaZVbkcIvLofwTfxMTD5NDWEgPAwQSSFQ39nRmmtKAz7XgzOkzpOj
]]></system-out>
    <system-err><![CDATA[Starting ChromeDriver 83.0.4103.39 (ccbf011cb2d2b19b506d844400483861342c20cd-refs/branch-heads/4103@{#416}) on port 46040
Only local connections are allowed.
Please see https://chromedriver.chromium.org/security-considerations for suggestions on keeping ChromeDriver safe.
ChromeDriver was started successfully.
Jul 07, 2020 9:35:30 PM org.openqa.selenium.remote.ProtocolHandshake createSession
INFO: Detected dialect: W3C
]]></system-err>
  </testcase>
  <testcase name="When User perform action on case such as case comment" classname="Scenario: to verify Fromaddress in email generated from case update to customer." time="0">
    <system-out><![CDATA[0.00
]]></system-out>
  </testcase>
  <testcase name="Then Verify the from address in email which the customer receive" classname="Scenario: to verify Fromaddress in email generated from case update to customer." time="0">
    <system-out><![CDATA[776de37f-8a5e-4cb1-8081-c7d56389e0c6@mailslurp.com
776de37f-8a5e-4cb1-8081-c7d56389e0c6
class Inbox {
    createdAt: 2020-06-25T17:09:43.158Z
    description: null
    emailAddress: 776de37f-8a5e-4cb1-8081-c7d56389e0c6@mailslurp.com
    expiresAt: 2020-06-25T18:09:43.157Z
    favourite: false
    id: 776de37f-8a5e-4cb1-8081-c7d56389e0c6
    name: EmailBox
    tags: null
    userId: eaf33dff-6d68-4cb6-80f3-a814b55b49f3
}
Sandbox: (WoRH) (SEV 4) Case #02470917 (This case is test of automation) ref:_00D2iMl4._5002i34NPS:ref
]]></system-out>
  </testcase>
  <testcase name="" classname="Scenario: to verify Fromaddress in email generated from case update to customer." time="0"/>
  <testcase name="Given User is on the same case page" classname="Scenario: to verify Fromaddress in email sent to customer when case is closed" time="0">
    <system-out><![CDATA[
  Scenario: to verify Fromaddress in email generated from case update to customer. &amp#27;[90m# EmailTest.feature:23&amp#27;[0m
    &amp#27;[32mGiven &amp#27;[0m&amp#27;[32mUser has a valid SFDC credential&amp#27;[0m                                         &amp#27;[90m# EmailTest.user_has_a_valid_SFDC_credential(DataTable)&amp#27;[0m
    &amp#27;[32mWhen &amp#27;[0m&amp#27;[32mUser perform action on case such as case comment&amp#27;[0m                          &amp#27;[90m# EmailTest.user_perform_action_on_case_such_as_case_comment(DataTable)&amp#27;[0m
    &amp#27;[32mThen &amp#27;[0m&amp#27;[32mVerify the from address in email which the customer receive&amp#27;[0m               &amp#27;[90m# EmailTest.verify_the_from_address_in_email_which_the_customer_receive(DataTable)&amp#27;[0m
]]></system-out>
  </testcase>
  <testcase name="When User closes the case" classname="Scenario: to verify Fromaddress in email sent to customer when case is closed" time="0"/>
  <testcase name="Then Verify that from address in email which the customer receive on case closure" classname="Scenario: to verify Fromaddress in email sent to customer when case is closed" time="0">
    <system-out><![CDATA[776de37f-8a5e-4cb1-8081-c7d56389e0c6@mailslurp.com
776de37f-8a5e-4cb1-8081-c7d56389e0c6
class Inbox {
    createdAt: 2020-06-25T17:09:43.158Z
    description: null
    emailAddress: 776de37f-8a5e-4cb1-8081-c7d56389e0c6@mailslurp.com
    expiresAt: 2020-06-25T18:09:43.157Z
    favourite: false
    id: 776de37f-8a5e-4cb1-8081-c7d56389e0c6
    name: EmailBox
    tags: null
    userId: eaf33dff-6d68-4cb6-80f3-a814b55b49f3
}
Sandbox: (WoRH) (SEV 4) Case #02468235 (This case is test of automation) ref:_00D2iMl4._5002i3367U:ref
]]></system-out>
  </testcase>
  <testcase name="" classname="Scenario: to verify Fromaddress in email sent to customer when case is closed" time="0"/>
</testsuite>