<?xml version="1.0" encoding="UTF-8"?>
<testsuite xmlns:xsi="http://www.w3.org/2001/XMLSchema-instance" xsi:noNamespaceSchemaLocation="https://maven.apache.org/surefire/maven-surefire-plugin/xsd/surefire-test-report-3.0.xsd" version="3.0" name="Scenario: Verify getcase api call in CaseAPI" time="6.517" tests="9" errors="0" skipped="0" failures="0">
  <properties>
[...]
</properties>
  <testcase name="Given User has valid API url and request details" classname="Scenario: to verify the response of Rest API" time="0">
    <system-out><![CDATA[#Author: Mitesh Mishra
#Keywords Summary :
#Feature: List of scenarios.
#Scenario: Business rule through list of steps with arguments.
#Given: Some precondition step
#When: Some key actions
#Then: To observe outcomes or validation
#And,But: To enumerate more Given,When,Then steps
#Scenario Outline: List of steps for data-driven as an Examples and <placeholder>
@APITest
Feature: Test Rest API
RequestBody
]]></system-out>
  </testcase>
  <testcase name="When User send request to GlobalCustomerName API" classname="Scenario: to verify the response of Rest API" time="0">
    <system-out><![CDATA[{
"1167607": [
{ "fieldName": "globalCustomerName", "value": "BAE SYSTEMS PLC Editted" }
]
}
PATCH
Request method:	PATCH
Request URI:	https://cs37.salesforce.com/services/apexrest/v1/accounts
Proxy:			<none>
Request params:	<none>
Query params:	<none>
Form params:	<none>
Path params:	<none>
Headers:		Authorization=Bearer 00D2i0000000Ml4!AQIAQAmoxLslVY_o6DUH4X76qJ19lqtFWRQWfGC9HK2paRiFS3yyq7EZrjuXcsPbzpsTo7mGdAujjBuZkGQsoh1VtHFO4dSJ
				On-Behalf-Of=rhn-support-cyeshi
				Accept=*/*
				Content-Type=application/json; charset=utf-8
Cookies:		<none>
Multiparts:		<none>
Body:
{
    "1167607": [
        {
            "fieldName": "globalCustomerName",
            "value": "BAE SYSTEMS PLC Editted"
        }
    ]
}
]]></system-out>
  </testcase>
  <testcase name="Then Verify the response status code is 200 Ok" classname="Scenario: to verify the response of Rest API" time="0">
    <system-out><![CDATA[&amp#27;[34mStatusCode 200 OK&amp#27;[0m
&amp#27;[34m{"success":["1167607"],"failure":[]}&amp#27;[0m
]]></system-out>
  </testcase>
  <testcase name="" classname="Scenario: to verify the response of Rest API" time="0"/>
  <testcase name="Given User have valid end point for API" classname="Scenario: Verify getcase api call in CaseAPI" time="0">
    <system-out><![CDATA[
  Scenario: to verify the response of Rest API       &amp#27;[90m# TestRestApi.feature:15&amp#27;[0m
    &amp#27;[32mGiven &amp#27;[0m&amp#27;[32mUser has valid API url and request details&amp#27;[0m &amp#27;[90m# RestTest.user_has_valid_API_url_and_request_details(DataTable)&amp#27;[0m
    &amp#27;[32mWhen &amp#27;[0m&amp#27;[32mUser send request to GlobalCustomerName API&amp#27;[0m &amp#27;[90m# RestTest.user_send_request_to_GlobalCustomerName_API()&amp#27;[0m
    &amp#27;[32mThen &amp#27;[0m&amp#27;[32mVerify the response status code is &amp#27;[0m&amp#27;[32m&amp#27;[1m200&amp#27;[0m&amp#27;[32m Ok&amp#27;[0m   &amp#27;[90m# RestTest.verify_the_response_status_code_is_Ok(int)&amp#27;[0m
]]></system-out>
  </testcase>
  <testcase name="When User makes a call to API with following parameter" classname="Scenario: Verify getcase api call in CaseAPI" time="0">
    <system-out><![CDATA[2
ssoName
[api:ssoName: null]
[api:ssoName: null]
api:ssoName
rhn-support-kmashalk
rhn-support-kmashalk
caseNum
[api:caseNum: null]
[api:caseNum: null]
api:caseNum
02470917
02470917
XML file updated successfully
Request method:	POST
Request URI:	https://cs37.salesforce.com/services/Soap/class/CaseAPI
Proxy:			<none>
Request params:	<none>
Query params:	<none>
Form params:	<none>
Path params:	<none>
Headers:		SOAPAction=""http://soap.sforce.com/schemas/class/CaseAPI/CaseAPIPortType/getCaseRequest"";
				Accept=application/xml
				Content-Type=text/XML; charset=utf-8
Cookies:		<none>
Multiparts:		<none>
Body:
<soapenv:Envelope xmlns:api="http://soap.sforce.com/schemas/class/APIUtils" xmlns:cas="http://soap.sforce.com/schemas/class/CaseAPI" xmlns:soapenv="http://schemas.xmlsoap.org/soap/envelope/">
  <soapenv:Header>
    <cas:SessionHeader>
      <cas:sessionId>00D2i0000000Ml4!AQIAQAmoxLslVY_o6DUH4X76qJ19lqtFWRQWfGC9HK2paRiFS3yyq7EZrjuXcsPbzpsTo7mGdAujjBuZkGQsoh1VtHFO4dSJ</cas:sessionId>
    </cas:SessionHeader>
  </soapenv:Header>
  <soapenv:Body>
    <cas:getCase>
      <cas:cContext>
        <api:ssoName>rhn-support-kmashalk</api:ssoName>
      </cas:cContext>
      <cas:caseContext>
        <api:caseNum>02470917</api:caseNum>
      </cas:caseContext>
    </cas:getCase>
  </soapenv:Body>
</soapenv:Envelope>
]]></system-out>
  </testcase>
  <testcase name="Then verify status code is 200 OK" classname="Scenario: Verify getcase api call in CaseAPI" time="0">
    <system-out><![CDATA[&amp#27;[34mStatusCode 200 OK&amp#27;[0m
]]></system-out>
  </testcase>
  <testcase name="And verify fields in response body" classname="Scenario: Verify getcase api call in CaseAPI" time="0">
    <system-out><![CDATA[APICase:caseNumber
APICase:caseNumber
02470917
APICase:caseNumber
APICase:caseNumber
02470917
&amp#27;[34m02470917&amp#27;[0m
APICase:accountNumber
APICase:accountNumber
1460290
APICase:accountNumber
APICase:accountNumber
1460290
&amp#27;[34m1460290&amp#27;[0m
APICase:product
APICase:product
OpenShift Container Platform
APICase:product
APICase:product
OpenShift Container Platform
&amp#27;[34mOpenShift Container Platform&amp#27;[0m
APICase:version
APICase:version
3.10
APICase:version
APICase:version
3.10
&amp#27;[34m3.10&amp#27;[0m
APICase:status
APICase:status
Waiting on Red Hat
APICase:status
APICase:status
Waiting on Red Hat
&amp#27;[34mWaiting on Red Hat&amp#27;[0m
APICase:owner
APICase:owner
Kumar Mashalkar
APICase:owner
APICase:owner
Kumar Mashalkar
&amp#27;[34mKumar Mashalkar&amp#27;[0m
APICase:origin
APICase:origin
Phone
APICase:origin
APICase:origin
Phone
&amp#27;[34mPhone&amp#27;[0m
APICase:contactName
APICase:contactName
David Tse
APICase:contactName
APICase:contactName
David Tse
&amp#27;[34mDavid Tse&amp#27;[0m
APICase:description
APICase:description
Test for automation
APICase:description
APICase:description
Test for automation
&amp#27;[34mTest for automation&amp#27;[0m
]]></system-out>
  </testcase>
  <testcase name="" classname="Scenario: Verify getcase api call in CaseAPI" time="0"/>
</testsuite>